<?xml version="1.0" encoding="UTF-8"?>
<!-- Generated by org.testng.reporters.JUnitXMLReporter -->
<testsuite hostname="LAPTOP-N8DHG9FC" failures="0" tests="6" name="Test" time="0.066" errors="0" timestamp="19 Jan 2021 09:15:24 GMT">
  <testcase classname="MavenJava.Selenium.SeleniumTest" name="seleniumDetailTest" time="0.021"/>
  <testcase classname="MavenJava.Selenium.SeleniumTest" name="seleniumTest" time="0.001"/>
  <testcase classname="MavenJava.Selenium.RestAPITest" name="restAPIDetailTest" time="0.001"/>
  <testcase classname="MavenJava.Selenium.RestAPITest" name="restAPITest" time="0.001"/>
  <testcase classname="MavenJava.Selenium.AppiumTest" name="appiumDetailTest" time="0.002"/>
  <testcase classname="MavenJava.Selenium.AppiumTest" name="appiumTest" time="0.001"/>
</testsuite> <!-- Test -->
